app/manifest-merger-release-report.txt
-- Merging decision tree log ---
manifest
ADDED from AndroidManifest.xml:2:1
	xmlns:android
		ADDED from AndroidManifest.xml:2:11
	package
		ADDED from AndroidManifest.xml:4:5
		INJECTED from AndroidManifest.xml:0:0
		INJECTED from AndroidManifest.xml:0:0
	android:versionName
		ADDED from AndroidManifest.xml:6:5
	android:versionCode
		ADDED from AndroidManifest.xml:5:5
		INJECTED from AndroidManifest.xml:0:0
		INJECTED from AndroidManifest.xml:0:0
uses-sdk
ADDED from AndroidManifest.xml:9:5
MERGED from com.android.support:support-v4:21.0.3:15:5
MERGED from com.android.support:appcompat-v7:21.0.3:15:5
MERGED from com.android.support:support-v4:21.0.3:15:5
	android:targetSdkVersion
		ADDED from AndroidManifest.xml:11:9
		INJECTED from AndroidManifest.xml:0:0
		INJECTED from AndroidManifest.xml:0:0
	android:minSdkVersion
		ADDED from AndroidManifest.xml:10:9
		INJECTED from AndroidManifest.xml:0:0
		INJECTED from AndroidManifest.xml:0:0
uses-permission#android.permission.INTERNET
ADDED from AndroidManifest.xml:14:5
	android:name
		ADDED from AndroidManifest.xml:14:22
uses-permission#android.permission.ACCESS_NETWORK_STATE
ADDED from AndroidManifest.xml:15:5
	android:name
		ADDED from AndroidManifest.xml:15:22
uses-permission#android.permission.WRITE_EXTERNAL_STORAGE
ADDED from AndroidManifest.xml:16:5
	android:name
		ADDED from AndroidManifest.xml:16:22
application
ADDED from AndroidManifest.xml:20:5
MERGED from com.android.support:support-v4:21.0.3:16:5
MERGED from com.android.support:appcompat-v7:21.0.3:16:5
MERGED from com.android.support:support-v4:21.0.3:16:5
	android:label
		ADDED from AndroidManifest.xml:23:9
	android:allowBackup
		ADDED from AndroidManifest.xml:21:9
	android:icon
		ADDED from AndroidManifest.xml:22:9
	android:theme
		ADDED from AndroidManifest.xml:24:9
activity#com.JazzDevStudio.LacunaExpress.Splash
ADDED from AndroidManifest.xml:28:9
	android:label
		ADDED from AndroidManifest.xml:30:13
	android:name
		ADDED from AndroidManifest.xml:29:13
intent-filter#android.intent.action.MAIN+android.intent.category.LAUNCHER
ADDED from AndroidManifest.xml:31:13
action#android.intent.action.MAIN
ADDED from AndroidManifest.xml:32:17
	android:name
		ADDED from AndroidManifest.xml:32:25
category#android.intent.category.LAUNCHER
ADDED from AndroidManifest.xml:33:17
	android:name
		ADDED from AndroidManifest.xml:33:27
activity#com.JazzDevStudio.LacunaExpress.AddAccount
ADDED from AndroidManifest.xml:38:6
	android:label
		ADDED from AndroidManifest.xml:40:10
	android:name
		ADDED from AndroidManifest.xml:39:10
activity#com.JazzDevStudio.LacunaExpress.SelectAccount
ADDED from AndroidManifest.xml:44:6
	android:label
		ADDED from AndroidManifest.xml:46:10
	android:name
		ADDED from AndroidManifest.xml:45:10
activity#com.JazzDevStudio.LacunaExpress.AccountMan
ADDED from AndroidManifest.xml:50:6
	android:label
		ADDED from AndroidManifest.xml:52:10
	android:name
		ADDED from AndroidManifest.xml:51:10
activity#com.JazzDevStudio.LacunaExpress.AccountInfo
ADDED from AndroidManifest.xml:57:6
	android:label
		ADDED from AndroidManifest.xml:59:10
	android:name
		ADDED from AndroidManifest.xml:58:10
activity#com.JazzDevStudio.LacunaExpress.ModifyAccount
ADDED from AndroidManifest.xml:64:6
	android:label
		ADDED from AndroidManifest.xml:66:10
	android:name
		ADDED from AndroidManifest.xml:65:10
activity#com.JazzDevStudio.LacunaExpress.Accounts
ADDED from AndroidManifest.xml:70:6
	android:label
		ADDED from AndroidManifest.xml:72:10
	android:name
		ADDED from AndroidManifest.xml:71:10
activity#com.JazzDevStudio.LacunaExpress.UserSettingActivity
ADDED from AndroidManifest.xml:77:6
	android:label
		ADDED from AndroidManifest.xml:79:10
	android:name
		ADDED from AndroidManifest.xml:78:10
activity#com.JazzDevStudio.LacunaExpress.SelectMessageActivity2
ADDED from AndroidManifest.xml:83:9
	android:label
		ADDED from AndroidManifest.xml:85:13
	android:name
		ADDED from AndroidManifest.xml:84:13
activity#com.JazzDevStudio.LacunaExpress.ComposeMessageActivity
ADDED from AndroidManifest.xml:89:6
	android:label
		ADDED from AndroidManifest.xml:91:10
	android:name
		ADDED from AndroidManifest.xml:90:10
activity#com.JazzDevStudio.LacunaExpress.ReadMessageActivity
ADDED from AndroidManifest.xml:94:9
	android:label
		ADDED from AndroidManifest.xml:96:13
	android:name
		ADDED from AndroidManifest.xml:95:13